<?xml version="1.0" encoding="UTF-8"?>
<testsuite name="CategoryTest" tests="1" skipped="0" failures="0" errors="0" timestamp="2016-04-28T15:58:36" hostname="epicodus-50.local" time="0.0">
  <properties/>
  <testcase name="category_instantiatesCorrectly_true" classname="CategoryTest" time="0.0"/>
  <system-out><![CDATA[]]></system-out>
  <system-err><![CDATA[]]></system-err>
</testsuite>
